********************************************************************************
DUPLICATOR-LITE PACKAGE-LOG: 9 de December de 2020 12:58
NOTICE: Do NOT post to public sites or forums 
********************************************************************************
VERSION:	1.3.40
WORDPRESS:	5.6
PHP INFO:	8.0.0 | SAPI: apache2handler
SERVER:		Apache/2.4.46 (Win64) OpenSSL/1.1.1h PHP/8.0.0 
PHP TIME LIMIT: (0) no time limit imposed 
PHP MAX MEMORY: 4294967296 (512M default) 
MEMORY STACK: 6MB

********************************************************************************
DATABASE:
********************************************************************************
BUILD MODE:   MYSQLDUMP
MYSQLTIMEOUT: 5000
MYSQLDUMP:    Is Supported
SQL CREATED: 0302_b2dec09dce8c68212863_20201209125747_database.sql
SQL FILE SIZE: 953.96KB (976860)
SQL FILE TIME: 2020-12-09 12:58:46
SQL RUNTIME: 3.51 sec.

********************************************************************************
ARCHIVE (ZIP):
********************************************************************************
ARCHIVE DIR:  C:/xampp/htdocs/handel
ARCHIVE FILE: 0302_b2dec09dce8c68212863_20201209125747_archive.zip
FILTERS: *OFF*
DIRS:
	not set
FILES:
	not set
EXTS:  not set
----------------------------------------
COMPRESSING
SIZE:	106.05MB
STATS:	Dirs 1,074 | Files 6,432
SQL ADDED: 0302_b2dec09dce8c68212863_20201209125747_database.sql
ZipArchive Object
(
    [lastId] => 7505
    [status] => 0
    [statusSys] => 0
    [numFiles] => 7506
    [filename] => C:\xampp\htdocs\handel\wp-content\backups-dup-lite\tmp\0302_b2dec09dce8c68212863_20201209125747_archive.zip
    [comment] => 
)

FILE ADDED TO ZIP: 7505
COMPRESSION RESULT: '1'
COMPRESSED SIZE: 27.16MB
ARCHIVE RUNTIME: 75.55 sec.
MEMORY STACK: 8MB
building installer
add_extra_files1
add_extra_files2
add_extra_files3
add_extra_files4
Doing archive file check
add_extra_files5
add_extra_files6
add_extra_files8
Successfully opened zip C:/xampp/htdocs/handel/wp-content/backups-dup-lite/tmp/0302_b2dec09dce8c68212863_20201209125747_archive.zip
Adding enhanced installer files to archive using ZipArchive
Installer files added to archive
Added to archive
After ziparchive close when adding installer

********************************************************************************
INTEGRITY CHECKS:
********************************************************************************
SQL FILE: 953.96KB
INSTALLER FILE: 61.3KB
ARCHIVE FILE: 28.68MB 
EXPECTED FILE/DIRECTORY COUNT: 7,506
ACTUAL FILE/DIRECTORY COUNT: 7,505
ARCHIVE CONSISTENCY TEST: Pass

********************************************************************************
RECORD ID:[1]
TOTAL PROCESS RUNTIME: 81.25 sec.
PEAK PHP MEMORY USED: 8MB
DONE PROCESSING => 0302 9 de December de 2020 13:00

